TRACE::2020-10-22.16:14:52::SCWBifWriter::Found the complete platform C:/Users/DSmac/workspace/design_Client1_wrapper/export/design_Client1_wrapper/design_Client1_wrapper.xpfm
TRACE::2020-10-22.16:14:53::SCWBifWriter::hardware databse : design_Client1_wrapper
TRACE::2020-10-22.16:14:53::SCWBifWriter::bitstream found in the design
TRACE::2020-10-22.16:14:53::SCWBifWriter::Found a baremetal domain, proc: ps7_cortexa9_0
TRACE::2020-10-22.16:14:53::SCWBifWriter::proc type : 
TRACE::2020-10-22.16:14:53::SCWBifWriter::proc[0] : ps7_cortexa9_0
TRACE::2020-10-22.16:14:53::SCWBifWriter::Device type is : zynq
TRACE::2020-10-22.16:14:53::SCWBifWriter::Writing BIF to file : C:/Users/DSmac/workspace/serverClientBasic_system/Debug/system.bif
TRACE::2020-10-22.16:14:53::SCWBifWriter::Writing the Zynq Baremetal bif 
TRACE::2020-10-22.16:41:30::SCWBifWriter::Found the complete platform C:/Users/DSmac/workspace/design_Client1_wrapper/export/design_Client1_wrapper/design_Client1_wrapper.xpfm
TRACE::2020-10-22.16:41:32::SCWBifWriter::hardware databse : design_Client1_wrapper
TRACE::2020-10-22.16:41:32::SCWBifWriter::bitstream found in the design
TRACE::2020-10-22.16:41:32::SCWBifWriter::Found a baremetal domain, proc: ps7_cortexa9_0
TRACE::2020-10-22.16:41:32::SCWBifWriter::proc type : 
TRACE::2020-10-22.16:41:32::SCWBifWriter::proc[0] : ps7_cortexa9_0
TRACE::2020-10-22.16:41:32::SCWBifWriter::Device type is : zynq
TRACE::2020-10-22.16:41:32::SCWBifWriter::Writing BIF to file : C:/Users/DSmac/workspace/serverClientBasic_system/Debug/system.bif
TRACE::2020-10-22.16:41:32::SCWBifWriter::Writing the Zynq Baremetal bif 
TRACE::2020-10-22.16:42:10::SCWBifWriter::Found the complete platform C:/Users/DSmac/workspace/design_Client1_wrapper/export/design_Client1_wrapper/design_Client1_wrapper.xpfm
TRACE::2020-10-22.16:42:12::SCWBifWriter::hardware databse : design_Client1_wrapper
TRACE::2020-10-22.16:42:12::SCWBifWriter::bitstream found in the design
TRACE::2020-10-22.16:42:12::SCWBifWriter::Found a baremetal domain, proc: ps7_cortexa9_0
TRACE::2020-10-22.16:42:12::SCWBifWriter::proc type : 
TRACE::2020-10-22.16:42:12::SCWBifWriter::proc[0] : ps7_cortexa9_0
TRACE::2020-10-22.16:42:12::SCWBifWriter::Device type is : zynq
TRACE::2020-10-22.16:42:12::SCWBifWriter::Writing BIF to file : C:/Users/DSmac/workspace/serverClientBasic_system/Debug/system.bif
TRACE::2020-10-22.16:42:12::SCWBifWriter::Writing the Zynq Baremetal bif 
TRACE::2020-10-22.16:42:54::SCWBifWriter::Found the complete platform C:/Users/DSmac/workspace/design_Client1_wrapper/export/design_Client1_wrapper/design_Client1_wrapper.xpfm
TRACE::2020-10-22.16:42:55::SCWBifWriter::hardware databse : design_Client1_wrapper
TRACE::2020-10-22.16:42:55::SCWBifWriter::bitstream found in the design
TRACE::2020-10-22.16:42:55::SCWBifWriter::Found a baremetal domain, proc: ps7_cortexa9_0
TRACE::2020-10-22.16:42:55::SCWBifWriter::proc type : 
TRACE::2020-10-22.16:42:55::SCWBifWriter::proc[0] : ps7_cortexa9_0
TRACE::2020-10-22.16:42:55::SCWBifWriter::Device type is : zynq
TRACE::2020-10-22.16:42:55::SCWBifWriter::Writing BIF to file : C:/Users/DSmac/workspace/serverClientBasic_system/Debug/system.bif
TRACE::2020-10-22.16:42:55::SCWBifWriter::Writing the Zynq Baremetal bif 
TRACE::2020-10-22.16:51:47::SCWBifWriter::Found the complete platform C:/Users/DSmac/workspace/design_Client1_wrapper/export/design_Client1_wrapper/design_Client1_wrapper.xpfm
TRACE::2020-10-22.16:51:49::SCWBifWriter::hardware databse : design_Client1_wrapper
TRACE::2020-10-22.16:51:49::SCWBifWriter::bitstream found in the design
TRACE::2020-10-22.16:51:49::SCWBifWriter::Found a baremetal domain, proc: ps7_cortexa9_0
TRACE::2020-10-22.16:51:49::SCWBifWriter::proc type : 
TRACE::2020-10-22.16:51:49::SCWBifWriter::proc[0] : ps7_cortexa9_0
TRACE::2020-10-22.16:51:49::SCWBifWriter::Device type is : zynq
TRACE::2020-10-22.16:51:49::SCWBifWriter::Writing BIF to file : C:/Users/DSmac/workspace/serverClientBasic_system/Debug/system.bif
TRACE::2020-10-22.16:51:49::SCWBifWriter::Writing the Zynq Baremetal bif 
TRACE::2020-10-22.16:52:55::SCWBifWriter::Found the complete platform C:/Users/DSmac/workspace/design_Client1_wrapper/export/design_Client1_wrapper/design_Client1_wrapper.xpfm
TRACE::2020-10-22.16:52:56::SCWBifWriter::hardware databse : design_Client1_wrapper
TRACE::2020-10-22.16:52:56::SCWBifWriter::bitstream found in the design
TRACE::2020-10-22.16:52:56::SCWBifWriter::Found a baremetal domain, proc: ps7_cortexa9_0
TRACE::2020-10-22.16:52:56::SCWBifWriter::proc type : 
TRACE::2020-10-22.16:52:56::SCWBifWriter::proc[0] : ps7_cortexa9_0
TRACE::2020-10-22.16:52:56::SCWBifWriter::Device type is : zynq
TRACE::2020-10-22.16:52:56::SCWBifWriter::Writing BIF to file : C:/Users/DSmac/workspace/serverClientBasic_system/Debug/system.bif
TRACE::2020-10-22.16:52:56::SCWBifWriter::Writing the Zynq Baremetal bif 
TRACE::2020-10-22.16:53:14::SCWBifWriter::Found the complete platform C:/Users/DSmac/workspace/design_Client1_wrapper/export/design_Client1_wrapper/design_Client1_wrapper.xpfm
TRACE::2020-10-22.16:53:16::SCWBifWriter::hardware databse : design_Client1_wrapper
TRACE::2020-10-22.16:53:16::SCWBifWriter::bitstream found in the design
TRACE::2020-10-22.16:53:16::SCWBifWriter::Found a baremetal domain, proc: ps7_cortexa9_0
TRACE::2020-10-22.16:53:16::SCWBifWriter::proc type : 
TRACE::2020-10-22.16:53:16::SCWBifWriter::proc[0] : ps7_cortexa9_0
TRACE::2020-10-22.16:53:16::SCWBifWriter::Device type is : zynq
TRACE::2020-10-22.16:53:16::SCWBifWriter::Writing BIF to file : C:/Users/DSmac/workspace/serverClientBasic_system/Debug/system.bif
TRACE::2020-10-22.16:53:16::SCWBifWriter::Writing the Zynq Baremetal bif 
TRACE::2020-10-22.16:57:41::SCWBifWriter::Found the complete platform C:/Users/DSmac/workspace/design_Client1_wrapper/export/design_Client1_wrapper/design_Client1_wrapper.xpfm
TRACE::2020-10-22.16:57:43::SCWBifWriter::hardware databse : design_Client1_wrapper
TRACE::2020-10-22.16:57:43::SCWBifWriter::bitstream found in the design
TRACE::2020-10-22.16:57:43::SCWBifWriter::Found a baremetal domain, proc: ps7_cortexa9_0
TRACE::2020-10-22.16:57:43::SCWBifWriter::proc type : 
TRACE::2020-10-22.16:57:43::SCWBifWriter::proc[0] : ps7_cortexa9_0
TRACE::2020-10-22.16:57:43::SCWBifWriter::Device type is : zynq
TRACE::2020-10-22.16:57:43::SCWBifWriter::Writing BIF to file : C:/Users/DSmac/workspace/serverClientBasic_system/Debug/system.bif
TRACE::2020-10-22.16:57:43::SCWBifWriter::Writing the Zynq Baremetal bif 
TRACE::2020-10-22.16:58:12::SCWBifWriter::Found the complete platform C:/Users/DSmac/workspace/design_Client1_wrapper/export/design_Client1_wrapper/design_Client1_wrapper.xpfm
TRACE::2020-10-22.16:58:15::SCWBifWriter::hardware databse : design_Client1_wrapper
TRACE::2020-10-22.16:58:15::SCWBifWriter::bitstream found in the design
TRACE::2020-10-22.16:58:15::SCWBifWriter::Found a baremetal domain, proc: ps7_cortexa9_0
TRACE::2020-10-22.16:58:15::SCWBifWriter::proc type : 
TRACE::2020-10-22.16:58:15::SCWBifWriter::proc[0] : ps7_cortexa9_0
TRACE::2020-10-22.16:58:15::SCWBifWriter::Device type is : zynq
TRACE::2020-10-22.16:58:15::SCWBifWriter::Writing BIF to file : C:/Users/DSmac/workspace/serverClientBasic_system/Debug/system.bif
TRACE::2020-10-22.16:58:15::SCWBifWriter::Writing the Zynq Baremetal bif 
TRACE::2020-10-29.13:17:42::SCWBifWriter::Found the complete platform C:/Users/DSmac/workspace/design_Client1_wrapper/export/design_Client1_wrapper/design_Client1_wrapper.xpfm
TRACE::2020-10-29.13:17:43::SCWBifWriter::hardware databse : design_Client1_wrapper
TRACE::2020-10-29.13:17:43::SCWBifWriter::bitstream found in the design
TRACE::2020-10-29.13:17:43::SCWBifWriter::Found a baremetal domain, proc: ps7_cortexa9_0
TRACE::2020-10-29.13:17:43::SCWBifWriter::proc type : 
TRACE::2020-10-29.13:17:43::SCWBifWriter::proc[0] : ps7_cortexa9_0
TRACE::2020-10-29.13:17:43::SCWBifWriter::Device type is : zynq
TRACE::2020-10-29.13:17:43::SCWBifWriter::Writing BIF to file : C:/Users/DSmac/workspace/serverClientBasic_system/Debug/system.bif
TRACE::2020-10-29.13:17:43::SCWBifWriter::Writing the Zynq Baremetal bif 
TRACE::2020-10-29.13:18:03::SCWBifWriter::Found the complete platform C:/Users/DSmac/workspace/design_Client1_wrapper/export/design_Client1_wrapper/design_Client1_wrapper.xpfm
TRACE::2020-10-29.13:18:04::SCWBifWriter::hardware databse : design_Client1_wrapper
TRACE::2020-10-29.13:18:04::SCWBifWriter::bitstream found in the design
TRACE::2020-10-29.13:18:04::SCWBifWriter::Found a baremetal domain, proc: ps7_cortexa9_0
TRACE::2020-10-29.13:18:04::SCWBifWriter::proc type : 
TRACE::2020-10-29.13:18:04::SCWBifWriter::proc[0] : ps7_cortexa9_0
TRACE::2020-10-29.13:18:04::SCWBifWriter::Device type is : zynq
TRACE::2020-10-29.13:18:04::SCWBifWriter::Writing BIF to file : C:/Users/DSmac/workspace/serverClientBasic_system/Debug/system.bif
TRACE::2020-10-29.13:18:04::SCWBifWriter::Writing the Zynq Baremetal bif 
TRACE::2020-10-29.13:18:41::SCWBifWriter::Found the complete platform C:/Users/DSmac/workspace/design_Client1_wrapper/export/design_Client1_wrapper/design_Client1_wrapper.xpfm
TRACE::2020-10-29.13:18:42::SCWBifWriter::hardware databse : design_Client1_wrapper
TRACE::2020-10-29.13:18:42::SCWBifWriter::bitstream found in the design
TRACE::2020-10-29.13:18:42::SCWBifWriter::Found a baremetal domain, proc: ps7_cortexa9_0
TRACE::2020-10-29.13:18:42::SCWBifWriter::proc type : 
TRACE::2020-10-29.13:18:42::SCWBifWriter::proc[0] : ps7_cortexa9_0
TRACE::2020-10-29.13:18:42::SCWBifWriter::Device type is : zynq
TRACE::2020-10-29.13:18:42::SCWBifWriter::Writing BIF to file : C:/Users/DSmac/workspace/serverClientBasic_system/Debug/system.bif
TRACE::2020-10-29.13:18:42::SCWBifWriter::Writing the Zynq Baremetal bif 
TRACE::2020-10-29.13:19:56::SCWBifWriter::Found the complete platform C:/Users/DSmac/workspace/design_Client1_wrapper/export/design_Client1_wrapper/design_Client1_wrapper.xpfm
TRACE::2020-10-29.13:19:57::SCWBifWriter::hardware databse : design_Client1_wrapper
TRACE::2020-10-29.13:19:57::SCWBifWriter::bitstream found in the design
TRACE::2020-10-29.13:19:57::SCWBifWriter::Found a baremetal domain, proc: ps7_cortexa9_0
TRACE::2020-10-29.13:19:57::SCWBifWriter::proc type : 
TRACE::2020-10-29.13:19:57::SCWBifWriter::proc[0] : ps7_cortexa9_0
TRACE::2020-10-29.13:19:57::SCWBifWriter::Device type is : zynq
TRACE::2020-10-29.13:19:57::SCWBifWriter::Writing BIF to file : C:/Users/DSmac/workspace/serverClientBasic_system/Debug/system.bif
TRACE::2020-10-29.13:19:57::SCWBifWriter::Writing the Zynq Baremetal bif 
TRACE::2020-10-29.13:22:13::SCWBifWriter::Found the complete platform C:/Users/DSmac/workspace/design_Client1_wrapper/export/design_Client1_wrapper/design_Client1_wrapper.xpfm
TRACE::2020-10-29.13:22:14::SCWBifWriter::hardware databse : design_Client1_wrapper
TRACE::2020-10-29.13:22:15::SCWBifWriter::bitstream found in the design
TRACE::2020-10-29.13:22:15::SCWBifWriter::Found a baremetal domain, proc: ps7_cortexa9_0
TRACE::2020-10-29.13:22:15::SCWBifWriter::proc type : 
TRACE::2020-10-29.13:22:15::SCWBifWriter::proc[0] : ps7_cortexa9_0
TRACE::2020-10-29.13:22:15::SCWBifWriter::Device type is : zynq
TRACE::2020-10-29.13:22:15::SCWBifWriter::Writing BIF to file : C:/Users/DSmac/workspace/serverClientBasic_system/Debug/system.bif
TRACE::2020-10-29.13:22:15::SCWBifWriter::Writing the Zynq Baremetal bif 
TRACE::2020-10-29.13:43:17::SCWBifWriter::Found the complete platform C:/Users/DSmac/workspace/design_Client1_wrapper/export/design_Client1_wrapper/design_Client1_wrapper.xpfm
TRACE::2020-10-29.13:43:18::SCWBifWriter::hardware databse : design_Client1_wrapper_0
TRACE::2020-10-29.13:43:18::SCWBifWriter::bitstream found in the design
TRACE::2020-10-29.13:43:18::SCWBifWriter::Found a baremetal domain, proc: ps7_cortexa9_0
TRACE::2020-10-29.13:43:18::SCWBifWriter::proc type : 
TRACE::2020-10-29.13:43:18::SCWBifWriter::proc[0] : ps7_cortexa9_0
TRACE::2020-10-29.13:43:18::SCWBifWriter::Device type is : zynq
TRACE::2020-10-29.13:43:18::SCWBifWriter::Writing BIF to file : C:/Users/DSmac/workspace/serverClientBasic_system/Debug/system.bif
TRACE::2020-10-29.13:43:18::SCWBifWriter::Writing the Zynq Baremetal bif 
TRACE::2020-10-29.13:43:57::SCWBifWriter::Found the complete platform C:/Users/DSmac/workspace/design_Client1_wrapper/export/design_Client1_wrapper/design_Client1_wrapper.xpfm
TRACE::2020-10-29.13:43:59::SCWBifWriter::hardware databse : design_Client1_wrapper_0
TRACE::2020-10-29.13:43:59::SCWBifWriter::bitstream found in the design
TRACE::2020-10-29.13:43:59::SCWBifWriter::Found a baremetal domain, proc: ps7_cortexa9_0
TRACE::2020-10-29.13:43:59::SCWBifWriter::proc type : 
TRACE::2020-10-29.13:43:59::SCWBifWriter::proc[0] : ps7_cortexa9_0
TRACE::2020-10-29.13:43:59::SCWBifWriter::Device type is : zynq
TRACE::2020-10-29.13:43:59::SCWBifWriter::Writing BIF to file : C:/Users/DSmac/workspace/serverClientBasic_system/Debug/system.bif
TRACE::2020-10-29.13:43:59::SCWBifWriter::Writing the Zynq Baremetal bif 
TRACE::2020-10-29.13:44:15::SCWBifWriter::Found the complete platform C:/Users/DSmac/workspace/design_Client1_wrapper/export/design_Client1_wrapper/design_Client1_wrapper.xpfm
TRACE::2020-10-29.13:44:17::SCWBifWriter::hardware databse : design_Client1_wrapper_0
TRACE::2020-10-29.13:44:17::SCWBifWriter::bitstream found in the design
TRACE::2020-10-29.13:44:17::SCWBifWriter::Found a baremetal domain, proc: ps7_cortexa9_0
TRACE::2020-10-29.13:44:17::SCWBifWriter::proc type : 
TRACE::2020-10-29.13:44:17::SCWBifWriter::proc[0] : ps7_cortexa9_0
TRACE::2020-10-29.13:44:17::SCWBifWriter::Device type is : zynq
TRACE::2020-10-29.13:44:17::SCWBifWriter::Writing BIF to file : C:/Users/DSmac/workspace/serverClientBasic_system/Debug/system.bif
TRACE::2020-10-29.13:44:17::SCWBifWriter::Writing the Zynq Baremetal bif 
TRACE::2020-10-29.13:46:37::SCWBifWriter::Found the complete platform C:/Users/DSmac/workspace/design_Client1_wrapper/export/design_Client1_wrapper/design_Client1_wrapper.xpfm
TRACE::2020-10-29.13:46:39::SCWBifWriter::hardware databse : design_Client1_wrapper_2
TRACE::2020-10-29.13:46:39::SCWBifWriter::bitstream found in the design
TRACE::2020-10-29.13:46:39::SCWBifWriter::Found a baremetal domain, proc: ps7_cortexa9_0
TRACE::2020-10-29.13:46:39::SCWBifWriter::proc type : 
TRACE::2020-10-29.13:46:39::SCWBifWriter::proc[0] : ps7_cortexa9_0
TRACE::2020-10-29.13:46:39::SCWBifWriter::Device type is : zynq
TRACE::2020-10-29.13:46:39::SCWBifWriter::Writing BIF to file : C:/Users/DSmac/workspace/serverClientBasic_system/Debug/system.bif
TRACE::2020-10-29.13:46:39::SCWBifWriter::Writing the Zynq Baremetal bif 
TRACE::2020-10-29.13:46:56::SCWBifWriter::Found the complete platform C:/Users/DSmac/workspace/design_Client1_wrapper/export/design_Client1_wrapper/design_Client1_wrapper.xpfm
TRACE::2020-10-29.13:46:57::SCWBifWriter::hardware databse : design_Client1_wrapper_2
TRACE::2020-10-29.13:46:57::SCWBifWriter::bitstream found in the design
TRACE::2020-10-29.13:46:57::SCWBifWriter::Found a baremetal domain, proc: ps7_cortexa9_0
TRACE::2020-10-29.13:46:57::SCWBifWriter::proc type : 
TRACE::2020-10-29.13:46:57::SCWBifWriter::proc[0] : ps7_cortexa9_0
TRACE::2020-10-29.13:46:57::SCWBifWriter::Device type is : zynq
TRACE::2020-10-29.13:46:57::SCWBifWriter::Writing BIF to file : C:/Users/DSmac/workspace/serverClientBasic_system/Debug/system.bif
TRACE::2020-10-29.13:46:57::SCWBifWriter::Writing the Zynq Baremetal bif 
TRACE::2020-10-29.13:47:21::SCWBifWriter::Found the complete platform C:/Users/DSmac/workspace/design_Client1_wrapper/export/design_Client1_wrapper/design_Client1_wrapper.xpfm
TRACE::2020-10-29.13:47:24::SCWBifWriter::hardware databse : design_Client1_wrapper_2
TRACE::2020-10-29.13:47:24::SCWBifWriter::bitstream found in the design
TRACE::2020-10-29.13:47:24::SCWBifWriter::Found a baremetal domain, proc: ps7_cortexa9_0
TRACE::2020-10-29.13:47:24::SCWBifWriter::proc type : 
TRACE::2020-10-29.13:47:24::SCWBifWriter::proc[0] : ps7_cortexa9_0
TRACE::2020-10-29.13:47:24::SCWBifWriter::Device type is : zynq
TRACE::2020-10-29.13:47:24::SCWBifWriter::Writing BIF to file : C:/Users/DSmac/workspace/serverClientBasic_system/Debug/system.bif
TRACE::2020-10-29.13:47:24::SCWBifWriter::Writing the Zynq Baremetal bif 
TRACE::2020-10-29.13:47:59::SCWBifWriter::Found the complete platform C:/Users/DSmac/workspace/design_Client1_wrapper/export/design_Client1_wrapper/design_Client1_wrapper.xpfm
TRACE::2020-10-29.13:48:01::SCWBifWriter::hardware databse : design_Client1_wrapper_2
TRACE::2020-10-29.13:48:01::SCWBifWriter::bitstream found in the design
TRACE::2020-10-29.13:48:01::SCWBifWriter::Found a baremetal domain, proc: ps7_cortexa9_0
TRACE::2020-10-29.13:48:01::SCWBifWriter::proc type : 
TRACE::2020-10-29.13:48:01::SCWBifWriter::proc[0] : ps7_cortexa9_0
TRACE::2020-10-29.13:48:01::SCWBifWriter::Device type is : zynq
TRACE::2020-10-29.13:48:01::SCWBifWriter::Writing BIF to file : C:/Users/DSmac/workspace/serverClientBasic_system/Debug/system.bif
TRACE::2020-10-29.13:48:01::SCWBifWriter::Writing the Zynq Baremetal bif 
TRACE::2020-10-29.13:49:03::SCWBifWriter::Found the complete platform C:/Users/DSmac/workspace/design_Client1_wrapper/export/design_Client1_wrapper/design_Client1_wrapper.xpfm
TRACE::2020-10-29.13:49:05::SCWBifWriter::hardware databse : design_Client1_wrapper_2
TRACE::2020-10-29.13:49:05::SCWBifWriter::bitstream found in the design
TRACE::2020-10-29.13:49:05::SCWBifWriter::Found a baremetal domain, proc: ps7_cortexa9_0
TRACE::2020-10-29.13:49:05::SCWBifWriter::proc type : 
TRACE::2020-10-29.13:49:05::SCWBifWriter::proc[0] : ps7_cortexa9_0
TRACE::2020-10-29.13:49:05::SCWBifWriter::Device type is : zynq
TRACE::2020-10-29.13:49:05::SCWBifWriter::Writing BIF to file : C:/Users/DSmac/workspace/serverClientBasic_system/Debug/system.bif
TRACE::2020-10-29.13:49:05::SCWBifWriter::Writing the Zynq Baremetal bif 
TRACE::2020-10-29.13:50:20::SCWBifWriter::Found the complete platform C:/Users/DSmac/workspace/design_Client1_wrapper/export/design_Client1_wrapper/design_Client1_wrapper.xpfm
TRACE::2020-10-29.13:50:22::SCWBifWriter::hardware databse : design_Client1_wrapper_2
TRACE::2020-10-29.13:50:22::SCWBifWriter::bitstream found in the design
TRACE::2020-10-29.13:50:22::SCWBifWriter::Found a baremetal domain, proc: ps7_cortexa9_0
TRACE::2020-10-29.13:50:22::SCWBifWriter::proc type : 
TRACE::2020-10-29.13:50:22::SCWBifWriter::proc[0] : ps7_cortexa9_0
TRACE::2020-10-29.13:50:22::SCWBifWriter::Device type is : zynq
TRACE::2020-10-29.13:50:22::SCWBifWriter::Writing BIF to file : C:/Users/DSmac/workspace/serverClientBasic_system/Debug/system.bif
TRACE::2020-10-29.13:50:22::SCWBifWriter::Writing the Zynq Baremetal bif 
TRACE::2020-10-29.14:12:38::SCWBifWriter::Found the complete platform C:/Users/DSmac/workspace/design_Client1_wrapper/export/design_Client1_wrapper/design_Client1_wrapper.xpfm
TRACE::2020-10-29.14:12:39::SCWBifWriter::hardware databse : design_Client1_wrapper
TRACE::2020-10-29.14:12:39::SCWBifWriter::bitstream found in the design
TRACE::2020-10-29.14:12:39::SCWBifWriter::Found a baremetal domain, proc: ps7_cortexa9_0
TRACE::2020-10-29.14:12:39::SCWBifWriter::proc type : 
TRACE::2020-10-29.14:12:39::SCWBifWriter::proc[0] : ps7_cortexa9_0
TRACE::2020-10-29.14:12:39::SCWBifWriter::Device type is : zynq
TRACE::2020-10-29.14:12:39::SCWBifWriter::Writing BIF to file : C:/Users/DSmac/workspace/serverClientBasic_system/Debug/system.bif
TRACE::2020-10-29.14:12:39::SCWBifWriter::Writing the Zynq Baremetal bif 
TRACE::2020-10-29.14:38:57::SCWBifWriter::Found the complete platform C:/Users/DSmac/workspace/design_Client1_wrapper/export/design_Client1_wrapper/design_Client1_wrapper.xpfm
TRACE::2020-10-29.14:38:58::SCWBifWriter::hardware databse : design_Client1_wrapper
TRACE::2020-10-29.14:38:58::SCWBifWriter::bitstream found in the design
TRACE::2020-10-29.14:38:58::SCWBifWriter::Found a baremetal domain, proc: ps7_cortexa9_0
TRACE::2020-10-29.14:38:58::SCWBifWriter::proc type : 
TRACE::2020-10-29.14:38:58::SCWBifWriter::proc[0] : ps7_cortexa9_0
TRACE::2020-10-29.14:38:58::SCWBifWriter::Device type is : zynq
TRACE::2020-10-29.14:38:58::SCWBifWriter::Writing BIF to file : C:/Users/DSmac/workspace/serverClientBasic_system/Debug/system.bif
TRACE::2020-10-29.14:38:58::SCWBifWriter::Writing the Zynq Baremetal bif 
TRACE::2020-10-29.14:42:42::SCWBifWriter::Found the complete platform C:/Users/DSmac/workspace/design_Client1_wrapper/export/design_Client1_wrapper/design_Client1_wrapper.xpfm
TRACE::2020-10-29.14:42:44::SCWBifWriter::hardware databse : design_Client1_wrapper_3
TRACE::2020-10-29.14:42:44::SCWBifWriter::bitstream found in the design
TRACE::2020-10-29.14:42:44::SCWBifWriter::Found a baremetal domain, proc: ps7_cortexa9_0
TRACE::2020-10-29.14:42:44::SCWBifWriter::proc type : 
TRACE::2020-10-29.14:42:45::SCWBifWriter::proc[0] : ps7_cortexa9_0
TRACE::2020-10-29.14:42:45::SCWBifWriter::Device type is : zynq
TRACE::2020-10-29.14:42:45::SCWBifWriter::Writing BIF to file : C:/Users/DSmac/workspace/serverClientBasic_system/Debug/system.bif
TRACE::2020-10-29.14:42:45::SCWBifWriter::Writing the Zynq Baremetal bif 
TRACE::2020-10-29.15:05:33::SCWBifWriter::Found the complete platform C:/Users/DSmac/workspace/design_Client1_wrapper/export/design_Client1_wrapper/design_Client1_wrapper.xpfm
TRACE::2020-10-29.15:05:40::SCWBifWriter::hardware databse : design_Client1_wrapper_5
TRACE::2020-10-29.15:05:40::SCWBifWriter::bitstream found in the design
TRACE::2020-10-29.15:05:40::SCWBifWriter::Found a baremetal domain, proc: ps7_cortexa9_0
TRACE::2020-10-29.15:05:40::SCWBifWriter::proc type : 
TRACE::2020-10-29.15:05:40::SCWBifWriter::proc[0] : ps7_cortexa9_0
TRACE::2020-10-29.15:05:41::SCWBifWriter::Device type is : zynq
TRACE::2020-10-29.15:05:41::SCWBifWriter::Writing BIF to file : C:/Users/DSmac/workspace/serverClientBasic_system/Debug/system.bif
TRACE::2020-10-29.15:05:41::SCWBifWriter::Writing the Zynq Baremetal bif 
TRACE::2020-10-29.15:23:59::SCWBifWriter::Found the complete platform C:/Users/DSmac/workspace/design_Client1_wrapper/export/design_Client1_wrapper/design_Client1_wrapper.xpfm
TRACE::2020-10-29.15:24:02::SCWBifWriter::hardware databse : design_Client1_wrapper_6
TRACE::2020-10-29.15:24:02::SCWBifWriter::bitstream found in the design
TRACE::2020-10-29.15:24:02::SCWBifWriter::Found a baremetal domain, proc: ps7_cortexa9_0
TRACE::2020-10-29.15:24:02::SCWBifWriter::proc type : 
TRACE::2020-10-29.15:24:02::SCWBifWriter::proc[0] : ps7_cortexa9_0
TRACE::2020-10-29.15:24:02::SCWBifWriter::Device type is : zynq
TRACE::2020-10-29.15:24:02::SCWBifWriter::Writing BIF to file : C:/Users/DSmac/workspace/serverClientBasic_system/Debug/system.bif
TRACE::2020-10-29.15:24:02::SCWBifWriter::Writing the Zynq Baremetal bif 
TRACE::2020-10-29.15:38:17::SCWBifWriter::Found the complete platform C:/Users/DSmac/workspace/design_Client1_wrapper/export/design_Client1_wrapper/design_Client1_wrapper.xpfm
TRACE::2020-10-29.15:38:18::SCWBifWriter::hardware databse : design_Client1_wrapper_0
TRACE::2020-10-29.15:38:18::SCWBifWriter::bitstream found in the design
TRACE::2020-10-29.15:38:18::SCWBifWriter::Found a baremetal domain, proc: ps7_cortexa9_0
TRACE::2020-10-29.15:38:18::SCWBifWriter::proc type : 
TRACE::2020-10-29.15:38:18::SCWBifWriter::proc[0] : ps7_cortexa9_0
TRACE::2020-10-29.15:38:18::SCWBifWriter::Device type is : zynq
TRACE::2020-10-29.15:38:18::SCWBifWriter::Writing BIF to file : C:/Users/DSmac/workspace/serverClientBasic_system/Debug/system.bif
TRACE::2020-10-29.15:38:18::SCWBifWriter::Writing the Zynq Baremetal bif 
TRACE::2020-10-29.15:44:31::SCWBifWriter::Found the complete platform C:/Users/DSmac/workspace/design_Client1_wrapper/export/design_Client1_wrapper/design_Client1_wrapper.xpfm
TRACE::2020-10-29.15:44:33::SCWBifWriter::hardware databse : design_Client1_wrapper_1
TRACE::2020-10-29.15:44:33::SCWBifWriter::bitstream found in the design
TRACE::2020-10-29.15:44:33::SCWBifWriter::Found a baremetal domain, proc: ps7_cortexa9_0
TRACE::2020-10-29.15:44:33::SCWBifWriter::proc type : 
TRACE::2020-10-29.15:44:33::SCWBifWriter::proc[0] : ps7_cortexa9_0
TRACE::2020-10-29.15:44:33::SCWBifWriter::Device type is : zynq
TRACE::2020-10-29.15:44:33::SCWBifWriter::Writing BIF to file : C:/Users/DSmac/workspace/serverClientBasic_system/Debug/system.bif
TRACE::2020-10-29.15:44:33::SCWBifWriter::Writing the Zynq Baremetal bif 
TRACE::2020-10-29.15:47:32::SCWBifWriter::Found the complete platform C:/Users/DSmac/workspace/design_Client1_wrapper/export/design_Client1_wrapper/design_Client1_wrapper.xpfm
TRACE::2020-10-29.15:47:44::SCWBifWriter::hardware databse : design_Client1_wrapper_2
TRACE::2020-10-29.15:47:44::SCWBifWriter::bitstream found in the design
TRACE::2020-10-29.15:47:44::SCWBifWriter::Found a baremetal domain, proc: ps7_cortexa9_0
TRACE::2020-10-29.15:47:44::SCWBifWriter::proc type : 
TRACE::2020-10-29.15:47:44::SCWBifWriter::proc[0] : ps7_cortexa9_0
TRACE::2020-10-29.15:47:44::SCWBifWriter::Device type is : zynq
TRACE::2020-10-29.15:47:44::SCWBifWriter::Writing BIF to file : C:/Users/DSmac/workspace/serverClientBasic_system/Debug/system.bif
TRACE::2020-10-29.15:47:44::SCWBifWriter::Writing the Zynq Baremetal bif 
TRACE::2020-10-29.15:54:54::SCWBifWriter::Found the complete platform C:/Users/DSmac/workspace/design_Client1_wrapper/export/design_Client1_wrapper/design_Client1_wrapper.xpfm
TRACE::2020-10-29.15:54:56::SCWBifWriter::hardware databse : design_Client1_wrapper_3
TRACE::2020-10-29.15:54:56::SCWBifWriter::bitstream found in the design
TRACE::2020-10-29.15:54:56::SCWBifWriter::Found a baremetal domain, proc: ps7_cortexa9_0
TRACE::2020-10-29.15:54:56::SCWBifWriter::proc type : 
TRACE::2020-10-29.15:54:56::SCWBifWriter::proc[0] : ps7_cortexa9_0
TRACE::2020-10-29.15:54:56::SCWBifWriter::Device type is : zynq
TRACE::2020-10-29.15:54:56::SCWBifWriter::Writing BIF to file : C:/Users/DSmac/workspace/serverClientBasic_system/Debug/system.bif
TRACE::2020-10-29.15:54:56::SCWBifWriter::Writing the Zynq Baremetal bif 
TRACE::2020-10-29.16:01:13::SCWBifWriter::Found the complete platform C:/Users/DSmac/workspace/design_Client1_wrapper/export/design_Client1_wrapper/design_Client1_wrapper.xpfm
TRACE::2020-10-29.16:01:17::SCWBifWriter::hardware databse : design_Client1_wrapper_4
TRACE::2020-10-29.16:01:17::SCWBifWriter::bitstream found in the design
TRACE::2020-10-29.16:01:17::SCWBifWriter::Found a baremetal domain, proc: ps7_cortexa9_0
TRACE::2020-10-29.16:01:17::SCWBifWriter::proc type : 
TRACE::2020-10-29.16:01:17::SCWBifWriter::proc[0] : ps7_cortexa9_0
TRACE::2020-10-29.16:01:17::SCWBifWriter::Device type is : zynq
TRACE::2020-10-29.16:01:17::SCWBifWriter::Writing BIF to file : C:/Users/DSmac/workspace/serverClientBasic_system/Debug/system.bif
TRACE::2020-10-29.16:01:17::SCWBifWriter::Writing the Zynq Baremetal bif 
TRACE::2020-10-29.16:31:54::SCWBifWriter::Found the complete platform C:/Users/DSmac/workspace/design_Client1_wrapper/export/design_Client1_wrapper/design_Client1_wrapper.xpfm
TRACE::2020-10-29.16:31:59::SCWBifWriter::hardware databse : design_Client1_wrapper_5
TRACE::2020-10-29.16:31:59::SCWBifWriter::bitstream found in the design
TRACE::2020-10-29.16:31:59::SCWBifWriter::Found a baremetal domain, proc: ps7_cortexa9_0
TRACE::2020-10-29.16:31:59::SCWBifWriter::proc type : 
TRACE::2020-10-29.16:31:59::SCWBifWriter::proc[0] : ps7_cortexa9_0
TRACE::2020-10-29.16:31:59::SCWBifWriter::Device type is : zynq
TRACE::2020-10-29.16:31:59::SCWBifWriter::Writing BIF to file : C:/Users/DSmac/workspace/serverClientBasic_system/Debug/system.bif
TRACE::2020-10-29.16:31:59::SCWBifWriter::Writing the Zynq Baremetal bif 
TRACE::2020-10-29.16:46:00::SCWBifWriter::Found the complete platform C:/Users/DSmac/workspace/design_Client1_wrapper/export/design_Client1_wrapper/design_Client1_wrapper.xpfm
TRACE::2020-10-29.16:46:08::SCWBifWriter::hardware databse : design_Client1_wrapper_5
TRACE::2020-10-29.16:46:08::SCWBifWriter::bitstream found in the design
TRACE::2020-10-29.16:46:08::SCWBifWriter::Found a baremetal domain, proc: ps7_cortexa9_0
TRACE::2020-10-29.16:46:08::SCWBifWriter::proc type : 
TRACE::2020-10-29.16:46:08::SCWBifWriter::proc[0] : ps7_cortexa9_0
TRACE::2020-10-29.16:46:08::SCWBifWriter::Device type is : zynq
TRACE::2020-10-29.16:46:08::SCWBifWriter::Writing BIF to file : C:/Users/DSmac/workspace/serverClientBasic_system/Debug/system.bif
TRACE::2020-10-29.16:46:08::SCWBifWriter::Writing the Zynq Baremetal bif 
TRACE::2020-10-29.17:05:54::SCWBifWriter::Found the complete platform C:/Users/DSmac/workspace/design_Client1_wrapper/export/design_Client1_wrapper/design_Client1_wrapper.xpfm
TRACE::2020-10-29.17:05:57::SCWBifWriter::hardware databse : design_Client1_wrapper
TRACE::2020-10-29.17:05:57::SCWBifWriter::bitstream found in the design
TRACE::2020-10-29.17:05:57::SCWBifWriter::Found a baremetal domain, proc: ps7_cortexa9_0
TRACE::2020-10-29.17:05:57::SCWBifWriter::proc type : 
TRACE::2020-10-29.17:05:57::SCWBifWriter::proc[0] : ps7_cortexa9_0
TRACE::2020-10-29.17:05:57::SCWBifWriter::Device type is : zynq
TRACE::2020-10-29.17:05:57::SCWBifWriter::Writing BIF to file : C:/Users/DSmac/workspace/serverClientBasic_system/Debug/system.bif
TRACE::2020-10-29.17:05:57::SCWBifWriter::Writing the Zynq Baremetal bif 
TRACE::2020-10-29.17:09:26::SCWBifWriter::Found the complete platform C:/Users/DSmac/workspace/design_Client1_wrapper/export/design_Client1_wrapper/design_Client1_wrapper.xpfm
TRACE::2020-10-29.17:09:28::SCWBifWriter::hardware databse : design_Client1_wrapper
TRACE::2020-10-29.17:09:28::SCWBifWriter::bitstream found in the design
TRACE::2020-10-29.17:09:28::SCWBifWriter::Found a baremetal domain, proc: ps7_cortexa9_0
TRACE::2020-10-29.17:09:28::SCWBifWriter::proc type : 
TRACE::2020-10-29.17:09:28::SCWBifWriter::proc[0] : ps7_cortexa9_0
TRACE::2020-10-29.17:09:28::SCWBifWriter::Device type is : zynq
TRACE::2020-10-29.17:09:28::SCWBifWriter::Writing BIF to file : C:/Users/DSmac/workspace/serverClientBasic_system/Debug/system.bif
TRACE::2020-10-29.17:09:28::SCWBifWriter::Writing the Zynq Baremetal bif 
TRACE::2020-10-29.17:14:54::SCWBifWriter::Found the complete platform C:/Users/DSmac/workspace/design_Client1_wrapper/export/design_Client1_wrapper/design_Client1_wrapper.xpfm
TRACE::2020-10-29.17:14:57::SCWBifWriter::hardware databse : design_Client1_wrapper_0
TRACE::2020-10-29.17:14:57::SCWBifWriter::bitstream found in the design
TRACE::2020-10-29.17:14:57::SCWBifWriter::Found a baremetal domain, proc: ps7_cortexa9_0
TRACE::2020-10-29.17:14:57::SCWBifWriter::proc type : 
TRACE::2020-10-29.17:14:57::SCWBifWriter::proc[0] : ps7_cortexa9_0
TRACE::2020-10-29.17:14:57::SCWBifWriter::Device type is : zynq
TRACE::2020-10-29.17:14:57::SCWBifWriter::Writing BIF to file : C:/Users/DSmac/workspace/serverClientBasic_system/Debug/system.bif
TRACE::2020-10-29.17:14:57::SCWBifWriter::Writing the Zynq Baremetal bif 
TRACE::2020-10-29.17:26:08::SCWBifWriter::Found the complete platform C:/Users/DSmac/workspace/design_Client1_wrapper/export/design_Client1_wrapper/design_Client1_wrapper.xpfm
TRACE::2020-10-29.17:26:10::SCWBifWriter::hardware databse : design_Client1_wrapper_1
TRACE::2020-10-29.17:26:10::SCWBifWriter::bitstream found in the design
TRACE::2020-10-29.17:26:10::SCWBifWriter::Found a baremetal domain, proc: ps7_cortexa9_0
TRACE::2020-10-29.17:26:10::SCWBifWriter::proc type : 
TRACE::2020-10-29.17:26:10::SCWBifWriter::proc[0] : ps7_cortexa9_0
TRACE::2020-10-29.17:26:10::SCWBifWriter::Device type is : zynq
TRACE::2020-10-29.17:26:10::SCWBifWriter::Writing BIF to file : C:/Users/DSmac/workspace/serverClientBasic_system/Debug/system.bif
TRACE::2020-10-29.17:26:10::SCWBifWriter::Writing the Zynq Baremetal bif 
TRACE::2020-10-29.17:34:06::SCWBifWriter::Found the complete platform C:/Users/DSmac/workspace/design_Client1_wrapper/export/design_Client1_wrapper/design_Client1_wrapper.xpfm
TRACE::2020-10-29.17:34:09::SCWBifWriter::hardware databse : design_Client1_wrapper_2
TRACE::2020-10-29.17:34:09::SCWBifWriter::bitstream found in the design
TRACE::2020-10-29.17:34:09::SCWBifWriter::Found a baremetal domain, proc: ps7_cortexa9_0
TRACE::2020-10-29.17:34:09::SCWBifWriter::proc type : 
TRACE::2020-10-29.17:34:09::SCWBifWriter::proc[0] : ps7_cortexa9_0
TRACE::2020-10-29.17:34:09::SCWBifWriter::Device type is : zynq
TRACE::2020-10-29.17:34:09::SCWBifWriter::Writing BIF to file : C:/Users/DSmac/workspace/serverClientBasic_system/Debug/system.bif
TRACE::2020-10-29.17:34:09::SCWBifWriter::Writing the Zynq Baremetal bif 
TRACE::2020-10-29.17:43:27::SCWBifWriter::Found the complete platform C:/Users/DSmac/workspace/design_Client1_wrapper/export/design_Client1_wrapper/design_Client1_wrapper.xpfm
TRACE::2020-10-29.17:43:28::SCWBifWriter::hardware databse : design_Client1_wrapper
TRACE::2020-10-29.17:43:28::SCWBifWriter::bitstream found in the design
TRACE::2020-10-29.17:43:28::SCWBifWriter::Found a baremetal domain, proc: ps7_cortexa9_0
TRACE::2020-10-29.17:43:28::SCWBifWriter::proc type : 
TRACE::2020-10-29.17:43:28::SCWBifWriter::proc[0] : ps7_cortexa9_0
TRACE::2020-10-29.17:43:28::SCWBifWriter::Device type is : zynq
TRACE::2020-10-29.17:43:28::SCWBifWriter::Writing BIF to file : C:/Users/DSmac/workspace/serverClientBasic_system/Debug/system.bif
TRACE::2020-10-29.17:43:28::SCWBifWriter::Writing the Zynq Baremetal bif 
TRACE::2020-10-29.17:45:23::SCWBifWriter::Found the complete platform C:/Users/DSmac/workspace/design_Client1_wrapper/export/design_Client1_wrapper/design_Client1_wrapper.xpfm
TRACE::2020-10-29.17:45:24::SCWBifWriter::hardware databse : design_Client1_wrapper
TRACE::2020-10-29.17:45:24::SCWBifWriter::bitstream found in the design
TRACE::2020-10-29.17:45:24::SCWBifWriter::Found a baremetal domain, proc: ps7_cortexa9_0
TRACE::2020-10-29.17:45:24::SCWBifWriter::proc type : 
TRACE::2020-10-29.17:45:24::SCWBifWriter::proc[0] : ps7_cortexa9_0
TRACE::2020-10-29.17:45:24::SCWBifWriter::Device type is : zynq
TRACE::2020-10-29.17:45:24::SCWBifWriter::Writing BIF to file : C:/Users/DSmac/workspace/serverClientBasic_system/Debug/system.bif
TRACE::2020-10-29.17:45:24::SCWBifWriter::Writing the Zynq Baremetal bif 
TRACE::2020-10-29.17:46:50::SCWBifWriter::Found the complete platform C:/Users/DSmac/workspace/design_Client1_wrapper/export/design_Client1_wrapper/design_Client1_wrapper.xpfm
TRACE::2020-10-29.17:46:53::SCWBifWriter::hardware databse : design_Client1_wrapper
TRACE::2020-10-29.17:46:53::SCWBifWriter::bitstream found in the design
TRACE::2020-10-29.17:46:53::SCWBifWriter::Found a baremetal domain, proc: ps7_cortexa9_0
TRACE::2020-10-29.17:46:53::SCWBifWriter::proc type : 
TRACE::2020-10-29.17:46:53::SCWBifWriter::proc[0] : ps7_cortexa9_0
TRACE::2020-10-29.17:46:53::SCWBifWriter::Device type is : zynq
TRACE::2020-10-29.17:46:53::SCWBifWriter::Writing BIF to file : C:/Users/DSmac/workspace/serverClientBasic_system/Debug/system.bif
TRACE::2020-10-29.17:46:53::SCWBifWriter::Writing the Zynq Baremetal bif 
TRACE::2020-10-29.17:57:18::SCWBifWriter::Found the complete platform C:/Users/DSmac/workspace/design_Client1_wrapper/export/design_Client1_wrapper/design_Client1_wrapper.xpfm
TRACE::2020-10-29.17:57:20::SCWBifWriter::hardware databse : design_Client1_wrapper
TRACE::2020-10-29.17:57:20::SCWBifWriter::bitstream found in the design
TRACE::2020-10-29.17:57:20::SCWBifWriter::Found a baremetal domain, proc: ps7_cortexa9_0
TRACE::2020-10-29.17:57:20::SCWBifWriter::proc type : 
TRACE::2020-10-29.17:57:20::SCWBifWriter::proc[0] : ps7_cortexa9_0
TRACE::2020-10-29.17:57:20::SCWBifWriter::Device type is : zynq
TRACE::2020-10-29.17:57:20::SCWBifWriter::Writing BIF to file : C:/Users/DSmac/workspace/serverClientBasic_system/Debug/system.bif
TRACE::2020-10-29.17:57:20::SCWBifWriter::Writing the Zynq Baremetal bif 
TRACE::2020-10-29.18:04:09::SCWBifWriter::Found the complete platform C:/Users/DSmac/workspace/design_Client1_wrapper/export/design_Client1_wrapper/design_Client1_wrapper.xpfm
TRACE::2020-10-29.18:04:11::SCWBifWriter::hardware databse : design_Client1_wrapper_0
TRACE::2020-10-29.18:04:11::SCWBifWriter::bitstream found in the design
TRACE::2020-10-29.18:04:11::SCWBifWriter::Found a baremetal domain, proc: ps7_cortexa9_0
TRACE::2020-10-29.18:04:11::SCWBifWriter::proc type : 
TRACE::2020-10-29.18:04:11::SCWBifWriter::proc[0] : ps7_cortexa9_0
TRACE::2020-10-29.18:04:11::SCWBifWriter::Device type is : zynq
TRACE::2020-10-29.18:04:11::SCWBifWriter::Writing BIF to file : C:/Users/DSmac/workspace/serverClientBasic_system/Debug/system.bif
TRACE::2020-10-29.18:04:11::SCWBifWriter::Writing the Zynq Baremetal bif 
TRACE::2020-11-05.09:26:56::SCWBifWriter::Found the complete platform C:/Users/DSmac/workspace/design_Client1_wrapper/export/design_Client1_wrapper/design_Client1_wrapper.xpfm
TRACE::2020-11-05.09:26:57::SCWBifWriter::hardware databse : design_Client1_wrapper
TRACE::2020-11-05.09:26:57::SCWBifWriter::bitstream found in the design
TRACE::2020-11-05.09:26:57::SCWBifWriter::Found a baremetal domain, proc: ps7_cortexa9_0
TRACE::2020-11-05.09:26:57::SCWBifWriter::proc type : 
TRACE::2020-11-05.09:26:57::SCWBifWriter::proc[0] : ps7_cortexa9_0
TRACE::2020-11-05.09:26:57::SCWBifWriter::Device type is : zynq
TRACE::2020-11-05.09:26:57::SCWBifWriter::Writing BIF to file : C:/Users/DSmac/workspace/serverClientBasic_system/Debug/system.bif
TRACE::2020-11-05.09:26:57::SCWBifWriter::Writing the Zynq Baremetal bif 
TRACE::2020-11-05.09:31:42::SCWBifWriter::Found the complete platform C:/Users/DSmac/workspace/design_Client1_wrapper/export/design_Client1_wrapper/design_Client1_wrapper.xpfm
TRACE::2020-11-05.09:31:42::SCWBifWriter::hardware databse : design_Client1_wrapper
TRACE::2020-11-05.09:31:42::SCWBifWriter::bitstream found in the design
TRACE::2020-11-05.09:31:42::SCWBifWriter::Found a baremetal domain, proc: ps7_cortexa9_0
TRACE::2020-11-05.09:31:42::SCWBifWriter::proc type : 
TRACE::2020-11-05.09:31:42::SCWBifWriter::proc[0] : ps7_cortexa9_0
TRACE::2020-11-05.09:31:42::SCWBifWriter::Device type is : zynq
TRACE::2020-11-05.09:31:42::SCWBifWriter::Writing BIF to file : C:/Users/DSmac/workspace/serverClientBasic_system/Debug/system.bif
TRACE::2020-11-05.09:31:42::SCWBifWriter::Writing the Zynq Baremetal bif 
TRACE::2020-11-05.10:00:07::SCWBifWriter::Found the complete platform C:/Users/DSmac/workspace/design_Client1_wrapper/export/design_Client1_wrapper/design_Client1_wrapper.xpfm
TRACE::2020-11-05.10:00:08::SCWBifWriter::hardware databse : design_Client1_wrapper
TRACE::2020-11-05.10:00:08::SCWBifWriter::bitstream found in the design
TRACE::2020-11-05.10:00:08::SCWBifWriter::Found a baremetal domain, proc: ps7_cortexa9_0
TRACE::2020-11-05.10:00:08::SCWBifWriter::proc type : 
TRACE::2020-11-05.10:00:08::SCWBifWriter::proc[0] : ps7_cortexa9_0
TRACE::2020-11-05.10:00:08::SCWBifWriter::Device type is : zynq
TRACE::2020-11-05.10:00:08::SCWBifWriter::Writing BIF to file : C:/Users/DSmac/workspace/serverClientBasic_system/Debug/system.bif
TRACE::2020-11-05.10:00:08::SCWBifWriter::Writing the Zynq Baremetal bif 
TRACE::2020-11-05.10:02:39::SCWBifWriter::Found the complete platform C:/Users/DSmac/workspace/design_Client1_wrapper/export/design_Client1_wrapper/design_Client1_wrapper.xpfm
TRACE::2020-11-05.10:02:41::SCWBifWriter::hardware databse : design_Client1_wrapper
TRACE::2020-11-05.10:02:41::SCWBifWriter::bitstream found in the design
TRACE::2020-11-05.10:02:41::SCWBifWriter::Found a baremetal domain, proc: ps7_cortexa9_0
TRACE::2020-11-05.10:02:41::SCWBifWriter::proc type : 
TRACE::2020-11-05.10:02:41::SCWBifWriter::proc[0] : ps7_cortexa9_0
TRACE::2020-11-05.10:02:41::SCWBifWriter::Device type is : zynq
TRACE::2020-11-05.10:02:41::SCWBifWriter::Writing BIF to file : C:/Users/DSmac/workspace/serverClientBasic_system/Debug/system.bif
TRACE::2020-11-05.10:02:41::SCWBifWriter::Writing the Zynq Baremetal bif 
TRACE::2020-11-05.10:06:32::SCWBifWriter::Found the complete platform C:/Users/DSmac/workspace/design_Client1_wrapper/export/design_Client1_wrapper/design_Client1_wrapper.xpfm
TRACE::2020-11-05.10:06:33::SCWBifWriter::hardware databse : design_Client1_wrapper
TRACE::2020-11-05.10:06:33::SCWBifWriter::bitstream found in the design
TRACE::2020-11-05.10:06:33::SCWBifWriter::Found a baremetal domain, proc: ps7_cortexa9_0
TRACE::2020-11-05.10:06:33::SCWBifWriter::proc type : 
TRACE::2020-11-05.10:06:33::SCWBifWriter::proc[0] : ps7_cortexa9_0
TRACE::2020-11-05.10:06:33::SCWBifWriter::Device type is : zynq
TRACE::2020-11-05.10:06:33::SCWBifWriter::Writing BIF to file : C:/Users/DSmac/workspace/serverClientBasic_system/Debug/system.bif
TRACE::2020-11-05.10:06:33::SCWBifWriter::Writing the Zynq Baremetal bif 
TRACE::2020-11-05.10:10:51::SCWBifWriter::Found the complete platform C:/Users/DSmac/workspace/design_Client1_wrapper/export/design_Client1_wrapper/design_Client1_wrapper.xpfm
TRACE::2020-11-05.10:10:52::SCWBifWriter::hardware databse : design_Client1_wrapper
TRACE::2020-11-05.10:10:52::SCWBifWriter::bitstream found in the design
TRACE::2020-11-05.10:10:52::SCWBifWriter::Found a baremetal domain, proc: ps7_cortexa9_0
TRACE::2020-11-05.10:10:52::SCWBifWriter::proc type : 
TRACE::2020-11-05.10:10:52::SCWBifWriter::proc[0] : ps7_cortexa9_0
TRACE::2020-11-05.10:10:52::SCWBifWriter::Device type is : zynq
TRACE::2020-11-05.10:10:52::SCWBifWriter::Writing BIF to file : C:/Users/DSmac/workspace/serverClientBasic_system/Debug/system.bif
TRACE::2020-11-05.10:10:52::SCWBifWriter::Writing the Zynq Baremetal bif 
TRACE::2020-11-05.10:12:14::SCWBifWriter::Found the complete platform C:/Users/DSmac/workspace/design_Client1_wrapper/export/design_Client1_wrapper/design_Client1_wrapper.xpfm
TRACE::2020-11-05.10:12:16::SCWBifWriter::hardware databse : design_Client1_wrapper
TRACE::2020-11-05.10:12:16::SCWBifWriter::bitstream found in the design
TRACE::2020-11-05.10:12:16::SCWBifWriter::Found a baremetal domain, proc: ps7_cortexa9_0
TRACE::2020-11-05.10:12:16::SCWBifWriter::proc type : 
TRACE::2020-11-05.10:12:16::SCWBifWriter::proc[0] : ps7_cortexa9_0
TRACE::2020-11-05.10:12:16::SCWBifWriter::Device type is : zynq
TRACE::2020-11-05.10:12:16::SCWBifWriter::Writing BIF to file : C:/Users/DSmac/workspace/serverClientBasic_system/Debug/system.bif
TRACE::2020-11-05.10:12:16::SCWBifWriter::Writing the Zynq Baremetal bif 
TRACE::2020-11-05.10:24:13::SCWBifWriter::Found the complete platform C:/Users/DSmac/workspace/design_Client1_wrapper/export/design_Client1_wrapper/design_Client1_wrapper.xpfm
TRACE::2020-11-05.10:24:15::SCWBifWriter::hardware databse : design_Client1_wrapper_1
TRACE::2020-11-05.10:24:15::SCWBifWriter::bitstream found in the design
TRACE::2020-11-05.10:24:15::SCWBifWriter::Found a baremetal domain, proc: ps7_cortexa9_0
TRACE::2020-11-05.10:24:15::SCWBifWriter::proc type : 
TRACE::2020-11-05.10:24:15::SCWBifWriter::proc[0] : ps7_cortexa9_0
TRACE::2020-11-05.10:24:15::SCWBifWriter::Device type is : zynq
TRACE::2020-11-05.10:24:15::SCWBifWriter::Writing BIF to file : C:/Users/DSmac/workspace/serverClientBasic_system/Debug/system.bif
TRACE::2020-11-05.10:24:15::SCWBifWriter::Writing the Zynq Baremetal bif 
TRACE::2020-11-05.10:25:05::SCWBifWriter::Found the complete platform C:/Users/DSmac/workspace/design_Client1_wrapper/export/design_Client1_wrapper/design_Client1_wrapper.xpfm
TRACE::2020-11-05.10:25:08::SCWBifWriter::hardware databse : design_Client1_wrapper_1
TRACE::2020-11-05.10:25:08::SCWBifWriter::bitstream found in the design
TRACE::2020-11-05.10:25:08::SCWBifWriter::Found a baremetal domain, proc: ps7_cortexa9_0
TRACE::2020-11-05.10:25:08::SCWBifWriter::proc type : 
TRACE::2020-11-05.10:25:08::SCWBifWriter::proc[0] : ps7_cortexa9_0
TRACE::2020-11-05.10:25:08::SCWBifWriter::Device type is : zynq
TRACE::2020-11-05.10:25:08::SCWBifWriter::Writing BIF to file : C:/Users/DSmac/workspace/serverClientBasic_system/Debug/system.bif
TRACE::2020-11-05.10:25:08::SCWBifWriter::Writing the Zynq Baremetal bif 
TRACE::2020-11-05.10:29:04::SCWBifWriter::Found the complete platform C:/Users/DSmac/workspace/design_Client1_wrapper/export/design_Client1_wrapper/design_Client1_wrapper.xpfm
TRACE::2020-11-05.10:29:04::SCWBifWriter::hardware databse : design_Client1_wrapper_1
TRACE::2020-11-05.10:29:04::SCWBifWriter::bitstream found in the design
TRACE::2020-11-05.10:29:04::SCWBifWriter::Found a baremetal domain, proc: ps7_cortexa9_0
TRACE::2020-11-05.10:29:04::SCWBifWriter::proc type : 
TRACE::2020-11-05.10:29:04::SCWBifWriter::proc[0] : ps7_cortexa9_0
TRACE::2020-11-05.10:29:04::SCWBifWriter::Device type is : zynq
TRACE::2020-11-05.10:29:04::SCWBifWriter::Writing BIF to file : C:/Users/DSmac/workspace/serverClientBasic_system/Debug/system.bif
TRACE::2020-11-05.10:29:04::SCWBifWriter::Writing the Zynq Baremetal bif 
TRACE::2020-11-05.10:32:14::SCWBifWriter::Found the complete platform C:/Users/DSmac/workspace/design_Client1_wrapper/export/design_Client1_wrapper/design_Client1_wrapper.xpfm
TRACE::2020-11-05.10:32:17::SCWBifWriter::hardware databse : design_Client1_wrapper_1
TRACE::2020-11-05.10:32:17::SCWBifWriter::bitstream found in the design
TRACE::2020-11-05.10:32:17::SCWBifWriter::Found a baremetal domain, proc: ps7_cortexa9_0
TRACE::2020-11-05.10:32:17::SCWBifWriter::proc type : 
TRACE::2020-11-05.10:32:17::SCWBifWriter::proc[0] : ps7_cortexa9_0
TRACE::2020-11-05.10:32:17::SCWBifWriter::Device type is : zynq
TRACE::2020-11-05.10:32:17::SCWBifWriter::Writing BIF to file : C:/Users/DSmac/workspace/serverClientBasic_system/Debug/system.bif
TRACE::2020-11-05.10:32:17::SCWBifWriter::Writing the Zynq Baremetal bif 
TRACE::2020-11-05.10:39:49::SCWBifWriter::Found the complete platform C:/Users/DSmac/workspace/design_Client1_wrapper/export/design_Client1_wrapper/design_Client1_wrapper.xpfm
TRACE::2020-11-05.10:39:52::SCWBifWriter::hardware databse : design_Client1_wrapper_1
TRACE::2020-11-05.10:39:52::SCWBifWriter::bitstream found in the design
TRACE::2020-11-05.10:39:52::SCWBifWriter::Found a baremetal domain, proc: ps7_cortexa9_0
TRACE::2020-11-05.10:39:52::SCWBifWriter::proc type : 
TRACE::2020-11-05.10:39:52::SCWBifWriter::proc[0] : ps7_cortexa9_0
TRACE::2020-11-05.10:39:52::SCWBifWriter::Device type is : zynq
TRACE::2020-11-05.10:39:52::SCWBifWriter::Writing BIF to file : C:/Users/DSmac/workspace/serverClientBasic_system/Debug/system.bif
TRACE::2020-11-05.10:39:52::SCWBifWriter::Writing the Zynq Baremetal bif 
TRACE::2020-11-05.10:40:38::SCWBifWriter::Found the complete platform C:/Users/DSmac/workspace/design_Client1_wrapper/export/design_Client1_wrapper/design_Client1_wrapper.xpfm
TRACE::2020-11-05.10:40:41::SCWBifWriter::hardware databse : design_Client1_wrapper_1
TRACE::2020-11-05.10:40:41::SCWBifWriter::bitstream found in the design
TRACE::2020-11-05.10:40:41::SCWBifWriter::Found a baremetal domain, proc: ps7_cortexa9_0
TRACE::2020-11-05.10:40:41::SCWBifWriter::proc type : 
TRACE::2020-11-05.10:40:41::SCWBifWriter::proc[0] : ps7_cortexa9_0
TRACE::2020-11-05.10:40:41::SCWBifWriter::Device type is : zynq
TRACE::2020-11-05.10:40:41::SCWBifWriter::Writing BIF to file : C:/Users/DSmac/workspace/serverClientBasic_system/Debug/system.bif
TRACE::2020-11-05.10:40:41::SCWBifWriter::Writing the Zynq Baremetal bif 
TRACE::2020-11-05.10:41:08::SCWBifWriter::Found the complete platform C:/Users/DSmac/workspace/design_Client1_wrapper/export/design_Client1_wrapper/design_Client1_wrapper.xpfm
TRACE::2020-11-05.10:41:11::SCWBifWriter::hardware databse : design_Client1_wrapper_1
TRACE::2020-11-05.10:41:11::SCWBifWriter::bitstream found in the design
TRACE::2020-11-05.10:41:11::SCWBifWriter::Found a baremetal domain, proc: ps7_cortexa9_0
TRACE::2020-11-05.10:41:11::SCWBifWriter::proc type : 
TRACE::2020-11-05.10:41:11::SCWBifWriter::proc[0] : ps7_cortexa9_0
TRACE::2020-11-05.10:41:11::SCWBifWriter::Device type is : zynq
TRACE::2020-11-05.10:41:11::SCWBifWriter::Writing BIF to file : C:/Users/DSmac/workspace/serverClientBasic_system/Debug/system.bif
TRACE::2020-11-05.10:41:11::SCWBifWriter::Writing the Zynq Baremetal bif 
TRACE::2020-11-05.10:45:11::SCWBifWriter::Found the complete platform C:/Users/DSmac/workspace/design_Client1_wrapper/export/design_Client1_wrapper/design_Client1_wrapper.xpfm
TRACE::2020-11-05.10:45:13::SCWBifWriter::hardware databse : design_Client1_wrapper_1
TRACE::2020-11-05.10:45:13::SCWBifWriter::bitstream found in the design
TRACE::2020-11-05.10:45:13::SCWBifWriter::Found a baremetal domain, proc: ps7_cortexa9_0
TRACE::2020-11-05.10:45:13::SCWBifWriter::proc type : 
TRACE::2020-11-05.10:45:13::SCWBifWriter::proc[0] : ps7_cortexa9_0
TRACE::2020-11-05.10:45:13::SCWBifWriter::Device type is : zynq
TRACE::2020-11-05.10:45:13::SCWBifWriter::Writing BIF to file : C:/Users/DSmac/workspace/serverClientBasic_system/Debug/system.bif
TRACE::2020-11-05.10:45:13::SCWBifWriter::Writing the Zynq Baremetal bif 
TRACE::2020-11-05.10:49:27::SCWBifWriter::Found the complete platform C:/Users/DSmac/workspace/design_Client1_wrapper/export/design_Client1_wrapper/design_Client1_wrapper.xpfm
TRACE::2020-11-05.10:49:28::SCWBifWriter::hardware databse : design_Client1_wrapper_1
TRACE::2020-11-05.10:49:28::SCWBifWriter::bitstream found in the design
TRACE::2020-11-05.10:49:28::SCWBifWriter::Found a baremetal domain, proc: ps7_cortexa9_0
TRACE::2020-11-05.10:49:28::SCWBifWriter::proc type : 
TRACE::2020-11-05.10:49:28::SCWBifWriter::proc[0] : ps7_cortexa9_0
TRACE::2020-11-05.10:49:28::SCWBifWriter::Device type is : zynq
TRACE::2020-11-05.10:49:28::SCWBifWriter::Writing BIF to file : C:/Users/DSmac/workspace/serverClientBasic_system/Debug/system.bif
TRACE::2020-11-05.10:49:29::SCWBifWriter::Writing the Zynq Baremetal bif 
TRACE::2020-11-05.10:49:56::SCWBifWriter::Found the complete platform C:/Users/DSmac/workspace/design_Client1_wrapper/export/design_Client1_wrapper/design_Client1_wrapper.xpfm
TRACE::2020-11-05.10:49:58::SCWBifWriter::hardware databse : design_Client1_wrapper_1
TRACE::2020-11-05.10:49:58::SCWBifWriter::bitstream found in the design
TRACE::2020-11-05.10:49:58::SCWBifWriter::Found a baremetal domain, proc: ps7_cortexa9_0
TRACE::2020-11-05.10:49:58::SCWBifWriter::proc type : 
TRACE::2020-11-05.10:49:58::SCWBifWriter::proc[0] : ps7_cortexa9_0
TRACE::2020-11-05.10:49:58::SCWBifWriter::Device type is : zynq
TRACE::2020-11-05.10:49:58::SCWBifWriter::Writing BIF to file : C:/Users/DSmac/workspace/serverClientBasic_system/Debug/system.bif
TRACE::2020-11-05.10:49:58::SCWBifWriter::Writing the Zynq Baremetal bif 
TRACE::2020-11-05.10:52:21::SCWBifWriter::Found the complete platform C:/Users/DSmac/workspace/design_Client1_wrapper/export/design_Client1_wrapper/design_Client1_wrapper.xpfm
TRACE::2020-11-05.10:52:22::SCWBifWriter::hardware databse : design_Client1_wrapper_1
TRACE::2020-11-05.10:52:22::SCWBifWriter::bitstream found in the design
TRACE::2020-11-05.10:52:22::SCWBifWriter::Found a baremetal domain, proc: ps7_cortexa9_0
TRACE::2020-11-05.10:52:22::SCWBifWriter::proc type : 
TRACE::2020-11-05.10:52:22::SCWBifWriter::proc[0] : ps7_cortexa9_0
TRACE::2020-11-05.10:52:22::SCWBifWriter::Device type is : zynq
TRACE::2020-11-05.10:52:22::SCWBifWriter::Writing BIF to file : C:/Users/DSmac/workspace/serverClientBasic_system/Debug/system.bif
TRACE::2020-11-05.10:52:22::SCWBifWriter::Writing the Zynq Baremetal bif 
TRACE::2020-11-05.10:52:52::SCWBifWriter::Found the complete platform C:/Users/DSmac/workspace/design_Client1_wrapper/export/design_Client1_wrapper/design_Client1_wrapper.xpfm
TRACE::2020-11-05.10:52:53::SCWBifWriter::hardware databse : design_Client1_wrapper_1
TRACE::2020-11-05.10:52:53::SCWBifWriter::bitstream found in the design
TRACE::2020-11-05.10:52:53::SCWBifWriter::Found a baremetal domain, proc: ps7_cortexa9_0
TRACE::2020-11-05.10:52:53::SCWBifWriter::proc type : 
TRACE::2020-11-05.10:52:53::SCWBifWriter::proc[0] : ps7_cortexa9_0
TRACE::2020-11-05.10:52:53::SCWBifWriter::Device type is : zynq
TRACE::2020-11-05.10:52:53::SCWBifWriter::Writing BIF to file : C:/Users/DSmac/workspace/serverClientBasic_system/Debug/system.bif
TRACE::2020-11-05.10:52:53::SCWBifWriter::Writing the Zynq Baremetal bif 
