13:34:52 **** Build of configuration Debug for project UDPbareBoneClient ****
make all 
make --no-print-directory pre-build
a9-linaro-pre-build-step
' '
make --no-print-directory main-build
'Building file: ../src/helloworld.c'
'Invoking: ARM v7 gcc compiler'
arm-none-eabi-gcc -Wall -O0 -g3 -c -fmessage-length=0 -MT"src/helloworld.o" -mcpu=cortex-a9 -mfpu=vfpv3 -mfloat-abi=hard -IC:/Users/DSmac/workspace/design_Client1_wrapper/export/design_Client1_wrapper/sw/design_Client1_wrapper/domain_ps7_cortexa9_0/bspinclude/include -MMD -MP -MF"src/helloworld.d" -MT"src/helloworld.o" -o "src/helloworld.o" "../src/helloworld.c"
../src/helloworld.c:55:10: fatal error: sys/socket.h: No such file or directory
   55 | #include <sys/socket.h>
      |          ^~~~~~~~~~~~~~
compilation terminated.
'Finished building: ../src/helloworld.c'
' '
'Building file: ../src/platform.c'
'Invoking: ARM v7 gcc compiler'
arm-none-eabi-gcc -Wall -O0 -g3 -c -fmessage-length=0 -MT"src/platform.o" -mcpu=cortex-a9 -mfpu=vfpv3 -mfloat-abi=hard -IC:/Users/DSmac/workspace/design_Client1_wrapper/export/design_Client1_wrapper/sw/design_Client1_wrapper/domain_ps7_cortexa9_0/bspinclude/include -MMD -MP -MF"src/platform.d" -MT"src/platform.o" -o "src/platform.o" "../src/platform.c"
'Finished building: ../src/platform.c'
' '
'Building target: UDPbareBoneClient.elf'
'Invoking: ARM v7 gcc linker'
arm-none-eabi-gcc -mcpu=cortex-a9 -mfpu=vfpv3 -mfloat-abi=hard -Wl,-build-id=none -specs=Xilinx.spec -Wl,-T -Wl,../src/lscript.ld -LC:/Users/DSmac/workspace/design_Client1_wrapper/export/design_Client1_wrapper/sw/design_Client1_wrapper/domain_ps7_cortexa9_0/bsplib/lib -o "UDPbareBoneClient.elf"  ./src/helloworld.o ./src/platform.o   -Wl,--start-group,-lxil,-lgcc,-lc,--end-group -Wl,--start-group,-lxil,-llwip4,-lgcc,-lc,--end-group
arm-xilinx-eabi-gcc.exe: error: ./src/helloworld.o: No such file or directory
'Finished building target: UDPbareBoneClient.elf'
' '
'Invoking: ARM v7 Print Size'
arm-none-eabi-size UDPbareBoneClient.elf  |tee "UDPbareBoneClient.elf.size"
arm-none-eabi-size: 'UDPbareBoneClient.elf': No such file
'Finished building: UDPbareBoneClient.elf.size'
' '

13:34:55 Build Finished (took 2s.642ms)

